[2020-11-04 23:20:43] app.INFO: Protect vendor folder in module contactform [] []
[2020-11-04 23:20:43] app.INFO: Module contactform has no vendor folder [] []
[2020-11-04 23:20:43] app.INFO: Protect vendor folder in module dashactivity [] []
[2020-11-04 23:20:43] app.INFO: Module dashactivity has no vendor folder [] []
[2020-11-04 23:20:43] app.INFO: Protect vendor folder in module dashtrends [] []
[2020-11-04 23:20:43] app.INFO: Module dashtrends has no vendor folder [] []
[2020-11-04 23:20:44] app.INFO: Protect vendor folder in module dashgoals [] []
[2020-11-04 23:20:44] app.INFO: Module dashgoals has no vendor folder [] []
[2020-11-04 23:20:44] app.INFO: Protect vendor folder in module dashproducts [] []
[2020-11-04 23:20:44] app.INFO: Module dashproducts has no vendor folder [] []
[2020-11-04 23:20:44] app.INFO: Protect vendor folder in module graphnvd3 [] []
[2020-11-04 23:20:44] app.INFO: Module graphnvd3 has no vendor folder [] []
[2020-11-04 23:20:44] app.INFO: Protect vendor folder in module gridhtml [] []
[2020-11-04 23:20:44] app.INFO: Module gridhtml has no vendor folder [] []
[2020-11-04 23:20:44] app.INFO: Protect vendor folder in module gsitemap [] []
[2020-11-04 23:20:44] app.INFO: Module gsitemap has no vendor folder [] []
[2020-11-04 23:20:44] app.INFO: Protect vendor folder in module ps_banner [] []
[2020-11-04 23:20:44] app.INFO: Module ps_banner has no vendor folder [] []
[2020-11-04 23:20:44] app.INFO: Protect vendor folder in module ps_categorytree [] []
[2020-11-04 23:20:44] app.INFO: Module ps_categorytree has no vendor folder [] []
[2020-11-04 23:20:45] app.INFO: Protect vendor folder in module ps_checkpayment [] []
[2020-11-04 23:20:45] app.INFO: Module ps_checkpayment has no vendor folder [] []
[2020-11-04 23:20:45] app.INFO: Protect vendor folder in module ps_contactinfo [] []
[2020-11-04 23:20:45] app.INFO: Module ps_contactinfo has no vendor folder [] []
[2020-11-04 23:20:45] app.INFO: Protect vendor folder in module ps_currencyselector [] []
[2020-11-04 23:20:45] app.INFO: Module ps_currencyselector has no vendor folder [] []
[2020-11-04 23:20:45] app.INFO: Protect vendor folder in module ps_customeraccountlinks [] []
[2020-11-04 23:20:45] app.INFO: Module ps_customeraccountlinks has no vendor folder [] []
[2020-11-04 23:20:45] app.INFO: Protect vendor folder in module ps_customersignin [] []
[2020-11-04 23:20:45] app.INFO: Module ps_customersignin has no vendor folder [] []
[2020-11-04 23:20:45] app.INFO: Protect vendor folder in module ps_customtext [] []
[2020-11-04 23:20:45] app.INFO: Module ps_customtext has no vendor folder [] []
[2020-11-04 23:20:45] app.INFO: Protect vendor folder in module ps_emailsubscription [] []
[2020-11-04 23:20:45] app.INFO: Module ps_emailsubscription has no vendor folder [] []
[2020-11-04 23:20:46] app.INFO: Protect vendor folder in module ps_facetedsearch [] []
[2020-11-04 23:20:46] app.INFO: Module ps_facetedsearch has no vendor folder [] []
[2020-11-04 23:20:46] app.INFO: Protect vendor folder in module ps_faviconnotificationbo [] []
[2020-11-04 23:20:46] app.INFO: Module ps_faviconnotificationbo has no vendor folder [] []
[2020-11-04 23:20:46] app.INFO: Protect vendor folder in module ps_featuredproducts [] []
[2020-11-04 23:20:46] app.INFO: Module ps_featuredproducts has no vendor folder [] []
[2020-11-04 23:20:46] app.INFO: Protect vendor folder in module ps_imageslider [] []
[2020-11-04 23:20:46] app.INFO: Module ps_imageslider has no vendor folder [] []
[2020-11-04 23:20:46] app.INFO: Protect vendor folder in module ps_languageselector [] []
[2020-11-04 23:20:46] app.INFO: Module ps_languageselector has no vendor folder [] []
[2020-11-04 23:20:46] app.INFO: Protect vendor folder in module ps_linklist [] []
[2020-11-04 23:20:46] app.INFO: Module ps_linklist has no vendor folder [] []
[2020-11-04 23:20:46] app.ERROR: Class "AdminLinkWidgetController" not found in controllers/admin [] []
[2020-11-04 23:20:47] app.INFO: Protect vendor folder in module ps_mainmenu [] []
[2020-11-04 23:20:47] app.INFO: Module ps_mainmenu has no vendor folder [] []
[2020-11-04 23:20:47] app.INFO: Protect vendor folder in module ps_searchbar [] []
[2020-11-04 23:20:47] app.INFO: Module ps_searchbar has no vendor folder [] []
[2020-11-04 23:20:47] app.INFO: Protect vendor folder in module ps_sharebuttons [] []
[2020-11-04 23:20:47] app.INFO: Module ps_sharebuttons has no vendor folder [] []
[2020-11-04 23:20:47] app.INFO: Protect vendor folder in module ps_shoppingcart [] []
[2020-11-04 23:20:47] app.INFO: Module ps_shoppingcart has no vendor folder [] []
[2020-11-04 23:20:47] app.INFO: Protect vendor folder in module ps_socialfollow [] []
[2020-11-04 23:20:47] app.INFO: Module ps_socialfollow has no vendor folder [] []
[2020-11-04 23:20:48] app.INFO: Protect vendor folder in module ps_themecusto [] []
[2020-11-04 23:20:48] app.INFO: Module ps_themecusto has no vendor folder [] []
[2020-11-04 23:20:48] app.INFO: Protect vendor folder in module ps_wirepayment [] []
[2020-11-04 23:20:48] app.INFO: Module ps_wirepayment has no vendor folder [] []
[2020-11-04 23:20:48] app.INFO: Protect vendor folder in module pagesnotfound [] []
[2020-11-04 23:20:48] app.INFO: Module pagesnotfound has no vendor folder [] []
[2020-11-04 23:20:48] app.INFO: Protect vendor folder in module sekeywords [] []
[2020-11-04 23:20:48] app.INFO: Module sekeywords has no vendor folder [] []
[2020-11-04 23:20:48] app.INFO: Protect vendor folder in module statsbestcategories [] []
[2020-11-04 23:20:48] app.INFO: Module statsbestcategories has no vendor folder [] []
[2020-11-04 23:20:48] app.INFO: Protect vendor folder in module statsbestcustomers [] []
[2020-11-04 23:20:48] app.INFO: Module statsbestcustomers has no vendor folder [] []
[2020-11-04 23:20:48] app.INFO: Protect vendor folder in module statsbestproducts [] []
[2020-11-04 23:20:48] app.INFO: Module statsbestproducts has no vendor folder [] []
[2020-11-04 23:20:48] app.INFO: Protect vendor folder in module statsbestsuppliers [] []
[2020-11-04 23:20:48] app.INFO: Module statsbestsuppliers has no vendor folder [] []
[2020-11-04 23:20:48] app.INFO: Protect vendor folder in module statsbestvouchers [] []
[2020-11-04 23:20:48] app.INFO: Module statsbestvouchers has no vendor folder [] []
[2020-11-04 23:20:48] app.INFO: Protect vendor folder in module statscarrier [] []
[2020-11-04 23:20:48] app.INFO: Module statscarrier has no vendor folder [] []
[2020-11-04 23:20:48] app.INFO: Protect vendor folder in module statscatalog [] []
[2020-11-04 23:20:48] app.INFO: Module statscatalog has no vendor folder [] []
[2020-11-04 23:20:48] app.INFO: Protect vendor folder in module statscheckup [] []
[2020-11-04 23:20:48] app.INFO: Module statscheckup has no vendor folder [] []
[2020-11-04 23:20:49] app.INFO: Protect vendor folder in module statsdata [] []
[2020-11-04 23:20:49] app.INFO: Module statsdata has no vendor folder [] []
[2020-11-04 23:20:49] app.INFO: Protect vendor folder in module statsequipment [] []
[2020-11-04 23:20:49] app.INFO: Module statsequipment has no vendor folder [] []
[2020-11-04 23:20:49] app.INFO: Protect vendor folder in module statsforecast [] []
[2020-11-04 23:20:49] app.INFO: Module statsforecast has no vendor folder [] []
[2020-11-04 23:20:49] app.INFO: Protect vendor folder in module statslive [] []
[2020-11-04 23:20:49] app.INFO: Module statslive has no vendor folder [] []
[2020-11-04 23:20:49] app.INFO: Protect vendor folder in module statsnewsletter [] []
[2020-11-04 23:20:49] app.INFO: Module statsnewsletter has no vendor folder [] []
[2020-11-04 23:20:49] app.INFO: Protect vendor folder in module statsorigin [] []
[2020-11-04 23:20:49] app.INFO: Module statsorigin has no vendor folder [] []
[2020-11-04 23:20:49] app.INFO: Protect vendor folder in module statspersonalinfos [] []
[2020-11-04 23:20:49] app.INFO: Module statspersonalinfos has no vendor folder [] []
[2020-11-04 23:20:49] app.INFO: Protect vendor folder in module statsproduct [] []
[2020-11-04 23:20:49] app.INFO: Module statsproduct has no vendor folder [] []
[2020-11-04 23:20:49] app.INFO: Protect vendor folder in module statsregistrations [] []
[2020-11-04 23:20:49] app.INFO: Module statsregistrations has no vendor folder [] []
[2020-11-04 23:20:49] app.INFO: Protect vendor folder in module statssales [] []
[2020-11-04 23:20:49] app.INFO: Module statssales has no vendor folder [] []
[2020-11-04 23:20:49] app.INFO: Protect vendor folder in module statssearch [] []
[2020-11-04 23:20:49] app.INFO: Module statssearch has no vendor folder [] []
[2020-11-04 23:20:49] app.INFO: Protect vendor folder in module statsstock [] []
[2020-11-04 23:20:49] app.INFO: Module statsstock has no vendor folder [] []
[2020-11-04 23:20:49] app.INFO: Protect vendor folder in module statsvisits [] []
[2020-11-04 23:20:50] app.INFO: Module statsvisits has no vendor folder [] []
[2020-11-04 23:20:50] app.INFO: Protect vendor folder in module welcome [] []
[2020-11-04 23:20:51] app.INFO: Exporting mail with theme modern for language English (English) [] []
[2020-11-04 23:20:51] app.INFO: Core output folder: /var/www/html/prestashop/mails [] []
[2020-11-04 23:20:51] app.INFO: Modules output folder: /var/www/html/prestashop/modules/ [] []
[2020-11-04 23:20:52] app.INFO: Exporting mail with theme modern for language Polski (Polish) [] []
[2020-11-04 23:20:52] app.INFO: Core output folder: /var/www/html/prestashop/mails [] []
[2020-11-04 23:20:52] app.INFO: Modules output folder: /var/www/html/prestashop/modules/ [] []
[2020-11-18 22:06:38] request.INFO: Matched route "admin_mail_theme_preview_layout". {"route":"admin_mail_theme_preview_layout","route_parameters":{"_controller":"PrestaShopBundle\\Controller\\Admin\\Improve\\Design\\MailThemeController::previewLayoutAction","_legacy_controller":"AdminMailTheme","_legacy_link":"AdminMailTheme:previewLayout","module":"","locale":"pl-PL","theme":"modern","layout":"index","type":"php","_route":"admin_mail_theme_preview_layout"},"request_uri":"https://localhost/prestashop/admin469238ppajfni3942814/index.php/improve/design/mail_theme/preview/pl-PL/modern/index.php?_token=fdu8fggFoqMjAeOVTCtV3mzlLVMWfxkQAzmVDJUuVPs&controller=AdminDashboard&token=e0a0ee91f8d30458b896ddb1876f5a1e","method":"GET"} []
[2020-11-18 22:06:38] security.DEBUG: Read existing security token from the session. {"key":"_security_main","token_class":"Symfony\\Component\\Security\\Core\\Authentication\\Token\\UsernamePasswordToken"} []
[2020-11-18 22:06:38] security.DEBUG: User was reloaded from a user provider. {"provider":"PrestaShopBundle\\Security\\Admin\\EmployeeProvider","username":"rafal.wolniak.920@gmail.com"} []
[2020-11-18 22:06:38] request.CRITICAL: Uncaught PHP Exception PrestaShop\PrestaShop\Core\Exception\FileNotFoundException: "Cannot find layout index in theme modern" at /var/www/html/prestashop/src/PrestaShopBundle/Controller/Admin/Improve/Design/MailThemeController.php line 498 {"exception":"[object] (PrestaShop\\PrestaShop\\Core\\Exception\\FileNotFoundException(code: 0): Cannot find layout index in theme modern at /var/www/html/prestashop/src/PrestaShopBundle/Controller/Admin/Improve/Design/MailThemeController.php:498)"} []
[2020-11-18 22:06:38] security.DEBUG: Stored the security token in the session. {"key":"_security_main"} []
[2020-11-18 22:15:33] request.INFO: Matched route "admin_mail_theme_preview_layout". {"route":"admin_mail_theme_preview_layout","route_parameters":{"_controller":"PrestaShopBundle\\Controller\\Admin\\Improve\\Design\\MailThemeController::previewLayoutAction","_legacy_controller":"AdminMailTheme","_legacy_link":"AdminMailTheme:previewLayout","module":"","locale":"pl-PL","theme":"modern","layout":"index","type":"php","_route":"admin_mail_theme_preview_layout"},"request_uri":"https://localhost/prestashop/admin469238ppajfni3942814/index.php/improve/design/mail_theme/preview/pl-PL/modern/index.php?_token=fdu8fggFoqMjAeOVTCtV3mzlLVMWfxkQAzmVDJUuVPs&controller=AdminDashboard&token=e0a0ee91f8d30458b896ddb1876f5a1e","method":"GET"} []
[2020-11-18 22:15:33] security.DEBUG: Read existing security token from the session. {"key":"_security_main","token_class":"Symfony\\Component\\Security\\Core\\Authentication\\Token\\UsernamePasswordToken"} []
[2020-11-18 22:15:33] security.DEBUG: User was reloaded from a user provider. {"provider":"PrestaShopBundle\\Security\\Admin\\EmployeeProvider","username":"rafal.wolniak.920@gmail.com"} []
[2020-11-18 22:15:33] request.CRITICAL: Uncaught PHP Exception PrestaShop\PrestaShop\Core\Exception\FileNotFoundException: "Cannot find layout index in theme modern" at /var/www/html/prestashop/src/PrestaShopBundle/Controller/Admin/Improve/Design/MailThemeController.php line 498 {"exception":"[object] (PrestaShop\\PrestaShop\\Core\\Exception\\FileNotFoundException(code: 0): Cannot find layout index in theme modern at /var/www/html/prestashop/src/PrestaShopBundle/Controller/Admin/Improve/Design/MailThemeController.php:498)"} []
[2020-11-18 22:15:33] security.DEBUG: Stored the security token in the session. {"key":"_security_main"} []
[2020-11-19 14:56:41] request.ERROR: Uncaught PHP Exception Symfony\Component\HttpKernel\Exception\MethodNotAllowedHttpException: "No route found for "OPTIONS /common/notifications": Method Not Allowed (Allow: POST)" at /var/www/html/prestashop/vendor/symfony/symfony/src/Symfony/Component/HttpKernel/EventListener/RouterListener.php line 143 {"exception":"[object] (Symfony\\Component\\HttpKernel\\Exception\\MethodNotAllowedHttpException(code: 0): No route found for \"OPTIONS /common/notifications\": Method Not Allowed (Allow: POST) at /var/www/html/prestashop/vendor/symfony/symfony/src/Symfony/Component/HttpKernel/EventListener/RouterListener.php:143, Symfony\\Component\\Routing\\Exception\\MethodNotAllowedException(code: 0):  at /var/www/html/prestashop/var/cache/prod/appProdProjectContainerUrlMatcher.php:4775)"} []
[2020-11-19 14:56:41] request.ERROR: Uncaught PHP Exception Symfony\Component\HttpKernel\Exception\MethodNotAllowedHttpException: "No route found for "OPTIONS /common/notifications": Method Not Allowed (Allow: POST)" at /var/www/html/prestashop/vendor/symfony/symfony/src/Symfony/Component/HttpKernel/EventListener/RouterListener.php line 143 {"exception":"[object] (Symfony\\Component\\HttpKernel\\Exception\\MethodNotAllowedHttpException(code: 0): No route found for \"OPTIONS /common/notifications\": Method Not Allowed (Allow: POST) at /var/www/html/prestashop/vendor/symfony/symfony/src/Symfony/Component/HttpKernel/EventListener/RouterListener.php:143, Symfony\\Component\\Routing\\Exception\\MethodNotAllowedException(code: 0):  at /var/www/html/prestashop/var/cache/prod/appProdProjectContainerUrlMatcher.php:4775)"} []
[2020-11-20 00:03:06] request.INFO: Matched route "admin_customers_view". {"route":"admin_customers_view","route_parameters":{"_controller":"PrestaShopBundle\\Controller\\Admin\\Sell\\Customer\\CustomerController::viewAction","_legacy_controller":"AdminCustomers","_legacy_link":"AdminCustomers:viewcustomer","_legacy_parameters":{"id_customer":"customerId"},"customerId":"3","_route":"admin_customers_view"},"request_uri":"https://localhost/prestashop/admin469238ppajfni3942814/index.php/sell/customers/3/view?_token=RrcuoRqX6wLtArK65BJA-MOWKyxsQ3NHcxbYWxsEkpI","method":"GET"} []
[2020-11-20 00:03:06] security.DEBUG: Read existing security token from the session. {"key":"_security_main","token_class":"Symfony\\Component\\Security\\Core\\Authentication\\Token\\UsernamePasswordToken"} []
[2020-11-20 00:03:06] security.DEBUG: User was reloaded from a user provider. {"provider":"PrestaShopBundle\\Security\\Admin\\EmployeeProvider","username":"rafal.wolniak.920@gmail.com"} []
[2020-11-20 00:03:06] request.CRITICAL: Uncaught PHP Exception PrestaShopException: "Invalid address #7" at /var/www/html/prestashop/classes/Address.php line 529 {"exception":"[object] (PrestaShopException(code: 0): Invalid address #7 at /var/www/html/prestashop/classes/Address.php:529)"} []
[2020-11-20 00:03:07] security.DEBUG: Stored the security token in the session. {"key":"_security_main"} []
[2020-11-20 00:03:19] request.INFO: Matched route "admin_customers_view". {"route":"admin_customers_view","route_parameters":{"_controller":"PrestaShopBundle\\Controller\\Admin\\Sell\\Customer\\CustomerController::viewAction","_legacy_controller":"AdminCustomers","_legacy_link":"AdminCustomers:viewcustomer","_legacy_parameters":{"id_customer":"customerId"},"customerId":"3","_route":"admin_customers_view"},"request_uri":"https://localhost/prestashop/admin469238ppajfni3942814/index.php/sell/customers/3/view?_token=RrcuoRqX6wLtArK65BJA-MOWKyxsQ3NHcxbYWxsEkpI","method":"GET"} []
[2020-11-20 00:03:19] security.DEBUG: Read existing security token from the session. {"key":"_security_main","token_class":"Symfony\\Component\\Security\\Core\\Authentication\\Token\\UsernamePasswordToken"} []
[2020-11-20 00:03:19] security.DEBUG: User was reloaded from a user provider. {"provider":"PrestaShopBundle\\Security\\Admin\\EmployeeProvider","username":"rafal.wolniak.920@gmail.com"} []
[2020-11-20 00:03:19] request.CRITICAL: Uncaught PHP Exception PrestaShopException: "Invalid address #7" at /var/www/html/prestashop/classes/Address.php line 529 {"exception":"[object] (PrestaShopException(code: 0): Invalid address #7 at /var/www/html/prestashop/classes/Address.php:529)"} []
[2020-11-20 00:03:19] security.DEBUG: Stored the security token in the session. {"key":"_security_main"} []
